{"/Users/pshampanier/Sources/sandbox/sql-editor/sql-mockup/src/util/serializable.ts": {"path":"/Users/pshampanier/Sources/sandbox/sql-editor/sql-mockup/src/util/serializable.ts","all":false,"statementMap":{"0":{"start":{"line":1,"column":0},"end":{"line":1,"column":26}},"1":{"start":{"line":2,"column":0},"end":{"line":2,"column":0}},"2":{"start":{"line":3,"column":0},"end":{"line":3,"column":8}},"3":{"start":{"line":4,"column":0},"end":{"line":4,"column":19}},"4":{"start":{"line":5,"column":0},"end":{"line":5,"column":21}},"5":{"start":{"line":6,"column":0},"end":{"line":6,"column":20}},"6":{"start":{"line":7,"column":0},"end":{"line":7,"column":20}},"7":{"start":{"line":8,"column":0},"end":{"line":8,"column":32}},"8":{"start":{"line":9,"column":0},"end":{"line":9,"column":22}},"9":{"start":{"line":10,"column":0},"end":{"line":10,"column":21}},"10":{"start":{"line":11,"column":0},"end":{"line":11,"column":23}},"11":{"start":{"line":12,"column":0},"end":{"line":12,"column":102}},"12":{"start":{"line":13,"column":0},"end":{"line":13,"column":0}},"13":{"start":{"line":14,"column":0},"end":{"line":14,"column":49}},"14":{"start":{"line":15,"column":0},"end":{"line":15,"column":53}},"15":{"start":{"line":16,"column":0},"end":{"line":16,"column":53}},"16":{"start":{"line":17,"column":0},"end":{"line":17,"column":45}},"17":{"start":{"line":18,"column":0},"end":{"line":18,"column":0}},"18":{"start":{"line":19,"column":0},"end":{"line":19,"column":3}},"19":{"start":{"line":20,"column":0},"end":{"line":20,"column":52}},"20":{"start":{"line":21,"column":0},"end":{"line":21,"column":2}},"21":{"start":{"line":22,"column":0},"end":{"line":22,"column":101}},"22":{"start":{"line":23,"column":0},"end":{"line":23,"column":117}},"23":{"start":{"line":24,"column":0},"end":{"line":24,"column":35}},"24":{"start":{"line":25,"column":0},"end":{"line":25,"column":2}},"25":{"start":{"line":26,"column":0},"end":{"line":26,"column":11}},"26":{"start":{"line":27,"column":0},"end":{"line":27,"column":8}},"27":{"start":{"line":28,"column":0},"end":{"line":28,"column":84}},"28":{"start":{"line":29,"column":0},"end":{"line":29,"column":6}},"29":{"start":{"line":30,"column":0},"end":{"line":30,"column":2}},"30":{"start":{"line":31,"column":0},"end":{"line":31,"column":65}},"31":{"start":{"line":32,"column":0},"end":{"line":32,"column":106}},"32":{"start":{"line":33,"column":0},"end":{"line":33,"column":3}},"33":{"start":{"line":34,"column":0},"end":{"line":34,"column":89}},"34":{"start":{"line":35,"column":0},"end":{"line":35,"column":0}},"35":{"start":{"line":36,"column":0},"end":{"line":36,"column":3}},"36":{"start":{"line":37,"column":0},"end":{"line":37,"column":40}},"37":{"start":{"line":38,"column":0},"end":{"line":38,"column":2}},"38":{"start":{"line":39,"column":0},"end":{"line":39,"column":41}},"39":{"start":{"line":40,"column":0},"end":{"line":40,"column":106}},"40":{"start":{"line":41,"column":0},"end":{"line":41,"column":37}},"41":{"start":{"line":42,"column":0},"end":{"line":42,"column":3}},"42":{"start":{"line":43,"column":0},"end":{"line":43,"column":87}},"43":{"start":{"line":44,"column":0},"end":{"line":44,"column":0}},"44":{"start":{"line":45,"column":0},"end":{"line":45,"column":108}},"45":{"start":{"line":46,"column":0},"end":{"line":46,"column":29}},"46":{"start":{"line":47,"column":0},"end":{"line":47,"column":13}},"47":{"start":{"line":48,"column":0},"end":{"line":48,"column":46}},"48":{"start":{"line":49,"column":0},"end":{"line":49,"column":40}},"49":{"start":{"line":50,"column":0},"end":{"line":50,"column":22}},"50":{"start":{"line":51,"column":0},"end":{"line":51,"column":10}},"51":{"start":{"line":52,"column":0},"end":{"line":52,"column":43}},"52":{"start":{"line":53,"column":0},"end":{"line":53,"column":22}},"53":{"start":{"line":54,"column":0},"end":{"line":54,"column":12}},"54":{"start":{"line":55,"column":0},"end":{"line":55,"column":44}},"55":{"start":{"line":56,"column":0},"end":{"line":56,"column":86}},"56":{"start":{"line":57,"column":0},"end":{"line":57,"column":111}},"57":{"start":{"line":58,"column":0},"end":{"line":58,"column":27}},"58":{"start":{"line":59,"column":0},"end":{"line":59,"column":71}},"59":{"start":{"line":60,"column":0},"end":{"line":60,"column":50}},"60":{"start":{"line":61,"column":0},"end":{"line":61,"column":9}},"61":{"start":{"line":62,"column":0},"end":{"line":62,"column":20}},"62":{"start":{"line":63,"column":0},"end":{"line":63,"column":8}},"63":{"start":{"line":64,"column":0},"end":{"line":64,"column":7}},"64":{"start":{"line":65,"column":0},"end":{"line":65,"column":24}},"65":{"start":{"line":66,"column":0},"end":{"line":66,"column":19}},"66":{"start":{"line":67,"column":0},"end":{"line":67,"column":65}},"67":{"start":{"line":68,"column":0},"end":{"line":68,"column":73}},"68":{"start":{"line":69,"column":0},"end":{"line":69,"column":7}},"69":{"start":{"line":70,"column":0},"end":{"line":70,"column":6}},"70":{"start":{"line":71,"column":0},"end":{"line":71,"column":18}},"71":{"start":{"line":72,"column":0},"end":{"line":72,"column":3}},"72":{"start":{"line":73,"column":0},"end":{"line":73,"column":1}},"73":{"start":{"line":74,"column":0},"end":{"line":74,"column":0}},"74":{"start":{"line":75,"column":0},"end":{"line":75,"column":3}},"75":{"start":{"line":76,"column":0},"end":{"line":76,"column":74}},"76":{"start":{"line":77,"column":0},"end":{"line":77,"column":2}},"77":{"start":{"line":78,"column":0},"end":{"line":78,"column":57}},"78":{"start":{"line":79,"column":0},"end":{"line":79,"column":67}},"79":{"start":{"line":80,"column":0},"end":{"line":80,"column":87}},"80":{"start":{"line":81,"column":0},"end":{"line":81,"column":3}},"81":{"start":{"line":82,"column":0},"end":{"line":82,"column":93}},"82":{"start":{"line":83,"column":0},"end":{"line":83,"column":7}},"83":{"start":{"line":84,"column":0},"end":{"line":84,"column":32}},"84":{"start":{"line":85,"column":0},"end":{"line":85,"column":42}},"85":{"start":{"line":86,"column":0},"end":{"line":86,"column":59}},"86":{"start":{"line":87,"column":0},"end":{"line":87,"column":9}},"87":{"start":{"line":88,"column":0},"end":{"line":88,"column":12}},"88":{"start":{"line":89,"column":0},"end":{"line":89,"column":32}},"89":{"start":{"line":90,"column":0},"end":{"line":90,"column":28}},"90":{"start":{"line":91,"column":0},"end":{"line":91,"column":67}},"91":{"start":{"line":92,"column":0},"end":{"line":92,"column":36}},"92":{"start":{"line":93,"column":0},"end":{"line":93,"column":107}},"93":{"start":{"line":94,"column":0},"end":{"line":94,"column":27}},"94":{"start":{"line":95,"column":0},"end":{"line":95,"column":79}},"95":{"start":{"line":96,"column":0},"end":{"line":96,"column":81}},"96":{"start":{"line":97,"column":0},"end":{"line":97,"column":11}},"97":{"start":{"line":98,"column":0},"end":{"line":98,"column":11}},"98":{"start":{"line":99,"column":0},"end":{"line":99,"column":30}},"99":{"start":{"line":100,"column":0},"end":{"line":100,"column":5}},"100":{"start":{"line":101,"column":0},"end":{"line":101,"column":15}},"101":{"start":{"line":102,"column":0},"end":{"line":102,"column":53}},"102":{"start":{"line":103,"column":0},"end":{"line":103,"column":3}},"103":{"start":{"line":104,"column":0},"end":{"line":104,"column":1}},"104":{"start":{"line":105,"column":0},"end":{"line":105,"column":0}},"105":{"start":{"line":106,"column":0},"end":{"line":106,"column":86}},"106":{"start":{"line":107,"column":0},"end":{"line":107,"column":40}},"107":{"start":{"line":108,"column":0},"end":{"line":108,"column":58}},"108":{"start":{"line":109,"column":0},"end":{"line":109,"column":10}},"109":{"start":{"line":110,"column":0},"end":{"line":110,"column":64}},"110":{"start":{"line":111,"column":0},"end":{"line":111,"column":30}},"111":{"start":{"line":112,"column":0},"end":{"line":112,"column":3}},"112":{"start":{"line":113,"column":0},"end":{"line":113,"column":1}},"113":{"start":{"line":114,"column":0},"end":{"line":114,"column":0}},"114":{"start":{"line":115,"column":0},"end":{"line":115,"column":3}},"115":{"start":{"line":116,"column":0},"end":{"line":116,"column":13}},"116":{"start":{"line":117,"column":0},"end":{"line":117,"column":3}},"117":{"start":{"line":118,"column":0},"end":{"line":118,"column":0}},"118":{"start":{"line":119,"column":0},"end":{"line":119,"column":101}},"119":{"start":{"line":120,"column":0},"end":{"line":120,"column":0}},"120":{"start":{"line":121,"column":0},"end":{"line":121,"column":34}},"121":{"start":{"line":122,"column":0},"end":{"line":122,"column":16}},"122":{"start":{"line":123,"column":0},"end":{"line":123,"column":21}},"123":{"start":{"line":124,"column":0},"end":{"line":124,"column":35}},"124":{"start":{"line":125,"column":0},"end":{"line":125,"column":30}},"125":{"start":{"line":126,"column":0},"end":{"line":126,"column":26}},"126":{"start":{"line":127,"column":0},"end":{"line":127,"column":2}},"127":{"start":{"line":128,"column":0},"end":{"line":128,"column":0}},"128":{"start":{"line":129,"column":0},"end":{"line":129,"column":34}},"129":{"start":{"line":130,"column":0},"end":{"line":130,"column":41}},"130":{"start":{"line":131,"column":0},"end":{"line":131,"column":17}},"131":{"start":{"line":132,"column":0},"end":{"line":132,"column":2}},"132":{"start":{"line":133,"column":0},"end":{"line":133,"column":0}},"133":{"start":{"line":134,"column":0},"end":{"line":134,"column":34}},"134":{"start":{"line":135,"column":0},"end":{"line":135,"column":15}},"135":{"start":{"line":136,"column":0},"end":{"line":136,"column":15}},"136":{"start":{"line":137,"column":0},"end":{"line":137,"column":2}},"137":{"start":{"line":138,"column":0},"end":{"line":138,"column":0}},"138":{"start":{"line":139,"column":0},"end":{"line":139,"column":52}},"139":{"start":{"line":140,"column":0},"end":{"line":140,"column":29}},"140":{"start":{"line":141,"column":0},"end":{"line":141,"column":2}},"141":{"start":{"line":142,"column":0},"end":{"line":142,"column":0}},"142":{"start":{"line":143,"column":0},"end":{"line":143,"column":51}},"143":{"start":{"line":144,"column":0},"end":{"line":144,"column":11}},"144":{"start":{"line":145,"column":0},"end":{"line":145,"column":27}},"145":{"start":{"line":146,"column":0},"end":{"line":146,"column":37}},"146":{"start":{"line":147,"column":0},"end":{"line":147,"column":4}},"147":{"start":{"line":148,"column":0},"end":{"line":148,"column":2}},"148":{"start":{"line":149,"column":0},"end":{"line":149,"column":0}},"149":{"start":{"line":150,"column":0},"end":{"line":150,"column":72}},"150":{"start":{"line":151,"column":0},"end":{"line":151,"column":29}},"151":{"start":{"line":152,"column":0},"end":{"line":152,"column":29}},"152":{"start":{"line":153,"column":0},"end":{"line":153,"column":32}},"153":{"start":{"line":154,"column":0},"end":{"line":154,"column":30}},"154":{"start":{"line":155,"column":0},"end":{"line":155,"column":0}},"155":{"start":{"line":156,"column":0},"end":{"line":156,"column":113}},"156":{"start":{"line":157,"column":0},"end":{"line":157,"column":17}},"157":{"start":{"line":158,"column":0},"end":{"line":158,"column":20}},"158":{"start":{"line":159,"column":0},"end":{"line":159,"column":56}},"159":{"start":{"line":160,"column":0},"end":{"line":160,"column":49}},"160":{"start":{"line":161,"column":0},"end":{"line":161,"column":62}},"161":{"start":{"line":162,"column":0},"end":{"line":162,"column":8}},"162":{"start":{"line":163,"column":0},"end":{"line":163,"column":5}},"163":{"start":{"line":164,"column":0},"end":{"line":164,"column":19}},"164":{"start":{"line":165,"column":0},"end":{"line":165,"column":35}},"165":{"start":{"line":166,"column":0},"end":{"line":166,"column":27}},"166":{"start":{"line":167,"column":0},"end":{"line":167,"column":19}},"167":{"start":{"line":168,"column":0},"end":{"line":168,"column":17}},"168":{"start":{"line":169,"column":0},"end":{"line":169,"column":103}},"169":{"start":{"line":170,"column":0},"end":{"line":170,"column":7}},"170":{"start":{"line":171,"column":0},"end":{"line":171,"column":25}},"171":{"start":{"line":172,"column":0},"end":{"line":172,"column":76}},"172":{"start":{"line":173,"column":0},"end":{"line":173,"column":56}},"173":{"start":{"line":174,"column":0},"end":{"line":174,"column":49}},"174":{"start":{"line":175,"column":0},"end":{"line":175,"column":16}},"175":{"start":{"line":176,"column":0},"end":{"line":176,"column":22}},"176":{"start":{"line":177,"column":0},"end":{"line":177,"column":59}},"177":{"start":{"line":178,"column":0},"end":{"line":178,"column":17}},"178":{"start":{"line":179,"column":0},"end":{"line":179,"column":60}},"179":{"start":{"line":180,"column":0},"end":{"line":180,"column":26}},"180":{"start":{"line":181,"column":0},"end":{"line":181,"column":25}},"181":{"start":{"line":182,"column":0},"end":{"line":182,"column":59}},"182":{"start":{"line":183,"column":0},"end":{"line":183,"column":13}},"183":{"start":{"line":184,"column":0},"end":{"line":184,"column":13}},"184":{"start":{"line":185,"column":0},"end":{"line":185,"column":10}},"185":{"start":{"line":186,"column":0},"end":{"line":186,"column":8}},"186":{"start":{"line":187,"column":0},"end":{"line":187,"column":5}},"187":{"start":{"line":188,"column":0},"end":{"line":188,"column":16}},"188":{"start":{"line":189,"column":0},"end":{"line":189,"column":52}},"189":{"start":{"line":190,"column":0},"end":{"line":190,"column":49}},"190":{"start":{"line":191,"column":0},"end":{"line":191,"column":35}},"191":{"start":{"line":192,"column":0},"end":{"line":192,"column":8}},"192":{"start":{"line":193,"column":0},"end":{"line":193,"column":5}},"193":{"start":{"line":194,"column":0},"end":{"line":194,"column":14}},"194":{"start":{"line":195,"column":0},"end":{"line":195,"column":56}},"195":{"start":{"line":196,"column":0},"end":{"line":196,"column":49}},"196":{"start":{"line":197,"column":0},"end":{"line":197,"column":36}},"197":{"start":{"line":198,"column":0},"end":{"line":198,"column":8}},"198":{"start":{"line":199,"column":0},"end":{"line":199,"column":5}},"199":{"start":{"line":200,"column":0},"end":{"line":200,"column":3}},"200":{"start":{"line":201,"column":0},"end":{"line":201,"column":1}},"201":{"start":{"line":202,"column":0},"end":{"line":202,"column":0}},"202":{"start":{"line":203,"column":0},"end":{"line":203,"column":60}},"203":{"start":{"line":204,"column":0},"end":{"line":204,"column":51}},"204":{"start":{"line":205,"column":0},"end":{"line":205,"column":1}},"205":{"start":{"line":206,"column":0},"end":{"line":206,"column":0}},"206":{"start":{"line":207,"column":0},"end":{"line":207,"column":117}},"207":{"start":{"line":208,"column":0},"end":{"line":208,"column":17}},"208":{"start":{"line":209,"column":0},"end":{"line":209,"column":20}},"209":{"start":{"line":210,"column":0},"end":{"line":210,"column":56}},"210":{"start":{"line":211,"column":0},"end":{"line":211,"column":83}},"211":{"start":{"line":212,"column":0},"end":{"line":212,"column":8}},"212":{"start":{"line":213,"column":0},"end":{"line":213,"column":5}},"213":{"start":{"line":214,"column":0},"end":{"line":214,"column":21}},"214":{"start":{"line":215,"column":0},"end":{"line":215,"column":56}},"215":{"start":{"line":216,"column":0},"end":{"line":216,"column":84}},"216":{"start":{"line":217,"column":0},"end":{"line":217,"column":8}},"217":{"start":{"line":218,"column":0},"end":{"line":218,"column":5}},"218":{"start":{"line":219,"column":0},"end":{"line":219,"column":20}},"219":{"start":{"line":220,"column":0},"end":{"line":220,"column":56}},"220":{"start":{"line":221,"column":0},"end":{"line":221,"column":77}},"221":{"start":{"line":222,"column":0},"end":{"line":222,"column":29}},"222":{"start":{"line":223,"column":0},"end":{"line":223,"column":29}},"223":{"start":{"line":224,"column":0},"end":{"line":224,"column":19}},"224":{"start":{"line":225,"column":0},"end":{"line":225,"column":108}},"225":{"start":{"line":226,"column":0},"end":{"line":226,"column":9}},"226":{"start":{"line":227,"column":0},"end":{"line":227,"column":27}},"227":{"start":{"line":228,"column":0},"end":{"line":228,"column":73}},"228":{"start":{"line":229,"column":0},"end":{"line":229,"column":8}},"229":{"start":{"line":230,"column":0},"end":{"line":230,"column":5}},"230":{"start":{"line":231,"column":0},"end":{"line":231,"column":19}},"231":{"start":{"line":232,"column":0},"end":{"line":232,"column":35}},"232":{"start":{"line":233,"column":0},"end":{"line":233,"column":27}},"233":{"start":{"line":234,"column":0},"end":{"line":234,"column":19}},"234":{"start":{"line":235,"column":0},"end":{"line":235,"column":17}},"235":{"start":{"line":236,"column":0},"end":{"line":236,"column":103}},"236":{"start":{"line":237,"column":0},"end":{"line":237,"column":7}},"237":{"start":{"line":238,"column":0},"end":{"line":238,"column":25}},"238":{"start":{"line":239,"column":0},"end":{"line":239,"column":56}},"239":{"start":{"line":240,"column":0},"end":{"line":240,"column":77}},"240":{"start":{"line":241,"column":0},"end":{"line":241,"column":16}},"241":{"start":{"line":242,"column":0},"end":{"line":242,"column":14}},"242":{"start":{"line":243,"column":0},"end":{"line":243,"column":27}},"243":{"start":{"line":244,"column":0},"end":{"line":244,"column":18}},"244":{"start":{"line":245,"column":0},"end":{"line":245,"column":39}},"245":{"start":{"line":246,"column":0},"end":{"line":246,"column":66}},"246":{"start":{"line":247,"column":0},"end":{"line":247,"column":31}},"247":{"start":{"line":248,"column":0},"end":{"line":248,"column":14}},"248":{"start":{"line":249,"column":0},"end":{"line":249,"column":46}},"249":{"start":{"line":250,"column":0},"end":{"line":250,"column":12}},"250":{"start":{"line":251,"column":0},"end":{"line":251,"column":10}},"251":{"start":{"line":252,"column":0},"end":{"line":252,"column":8}},"252":{"start":{"line":253,"column":0},"end":{"line":253,"column":5}},"253":{"start":{"line":254,"column":0},"end":{"line":254,"column":17}},"254":{"start":{"line":255,"column":0},"end":{"line":255,"column":56}},"255":{"start":{"line":256,"column":0},"end":{"line":256,"column":28}},"256":{"start":{"line":257,"column":0},"end":{"line":257,"column":8}},"257":{"start":{"line":258,"column":0},"end":{"line":258,"column":5}},"258":{"start":{"line":259,"column":0},"end":{"line":259,"column":14}},"259":{"start":{"line":260,"column":0},"end":{"line":260,"column":14}},"260":{"start":{"line":261,"column":0},"end":{"line":261,"column":56}},"261":{"start":{"line":262,"column":0},"end":{"line":262,"column":17}},"262":{"start":{"line":263,"column":0},"end":{"line":263,"column":28}},"263":{"start":{"line":264,"column":0},"end":{"line":264,"column":8}},"264":{"start":{"line":265,"column":0},"end":{"line":265,"column":5}},"265":{"start":{"line":266,"column":0},"end":{"line":266,"column":3}},"266":{"start":{"line":267,"column":0},"end":{"line":267,"column":1}},"267":{"start":{"line":268,"column":0},"end":{"line":268,"column":0}},"268":{"start":{"line":269,"column":0},"end":{"line":269,"column":106}},"269":{"start":{"line":270,"column":0},"end":{"line":270,"column":49}},"270":{"start":{"line":271,"column":0},"end":{"line":271,"column":51}},"271":{"start":{"line":272,"column":0},"end":{"line":272,"column":39}},"272":{"start":{"line":273,"column":0},"end":{"line":273,"column":79}},"273":{"start":{"line":274,"column":0},"end":{"line":274,"column":70}},"274":{"start":{"line":275,"column":0},"end":{"line":275,"column":45}},"275":{"start":{"line":276,"column":0},"end":{"line":276,"column":28}},"276":{"start":{"line":277,"column":0},"end":{"line":277,"column":96}},"277":{"start":{"line":278,"column":0},"end":{"line":278,"column":66}},"278":{"start":{"line":279,"column":0},"end":{"line":279,"column":5}},"279":{"start":{"line":280,"column":0},"end":{"line":280,"column":32}},"280":{"start":{"line":281,"column":0},"end":{"line":281,"column":84}},"281":{"start":{"line":282,"column":0},"end":{"line":282,"column":118}},"282":{"start":{"line":283,"column":0},"end":{"line":283,"column":74}},"283":{"start":{"line":284,"column":0},"end":{"line":284,"column":5}},"284":{"start":{"line":285,"column":0},"end":{"line":285,"column":0}},"285":{"start":{"line":286,"column":0},"end":{"line":286,"column":19}},"286":{"start":{"line":287,"column":0},"end":{"line":287,"column":39}},"287":{"start":{"line":288,"column":0},"end":{"line":288,"column":82}},"288":{"start":{"line":289,"column":0},"end":{"line":289,"column":85}},"289":{"start":{"line":290,"column":0},"end":{"line":290,"column":0}},"290":{"start":{"line":291,"column":0},"end":{"line":291,"column":17}},"291":{"start":{"line":292,"column":0},"end":{"line":292,"column":76}},"292":{"start":{"line":293,"column":0},"end":{"line":293,"column":73}},"293":{"start":{"line":294,"column":0},"end":{"line":294,"column":4}},"294":{"start":{"line":295,"column":0},"end":{"line":295,"column":1}}},"s":{"0":1,"1":1,"2":1,"3":1,"4":1,"5":1,"6":1,"7":1,"8":1,"9":1,"10":1,"11":1,"12":1,"13":1,"14":1,"15":1,"16":1,"17":1,"18":1,"19":1,"20":1,"21":1,"22":1,"23":1,"24":1,"25":1,"26":1,"27":1,"28":1,"29":1,"30":1,"31":1,"32":1,"33":1,"34":1,"35":1,"36":1,"37":1,"38":1,"39":1,"40":1,"41":1,"42":1,"43":1,"44":1,"45":16,"46":1,"47":1,"48":2,"49":1,"50":16,"51":15,"52":15,"53":15,"54":15,"55":24,"56":24,"57":24,"58":23,"59":23,"60":23,"61":1,"62":24,"63":15,"64":15,"65":15,"66":15,"67":15,"68":15,"69":15,"70":15,"71":15,"72":16,"73":1,"74":1,"75":1,"76":1,"77":1,"78":1,"79":1,"80":1,"81":1,"82":8,"83":8,"84":1,"85":2,"86":1,"87":8,"88":7,"89":7,"90":7,"91":7,"92":10,"93":10,"94":10,"95":10,"96":10,"97":7,"98":7,"99":7,"100":8,"101":1,"102":1,"103":8,"104":1,"105":15,"106":15,"107":1,"108":15,"109":14,"110":14,"111":14,"112":15,"113":1,"114":1,"115":1,"116":1,"117":1,"118":1,"119":1,"120":1,"121":1,"122":1,"123":1,"124":1,"125":1,"126":1,"127":1,"128":1,"129":1,"130":1,"131":1,"132":1,"133":1,"134":1,"135":1,"136":1,"137":1,"138":1,"139":1,"140":1,"141":1,"142":1,"143":1,"144":1,"145":1,"146":1,"147":1,"148":1,"149":1,"150":1,"151":1,"152":1,"153":1,"154":1,"155":33,"156":33,"157":33,"158":4,"159":1,"160":1,"161":1,"162":4,"163":33,"164":5,"165":1,"166":1,"167":1,"168":1,"169":1,"170":1,"171":1,"172":1,"173":1,"174":1,"175":1,"176":1,"177":1,"178":1,"179":1,"180":1,"181":1,"182":1,"183":1,"184":1,"185":1,"186":1,"187":1,"188":1,"189":1,"190":1,"191":1,"192":1,"193":1,"194":1,"195":1,"196":1,"197":1,"198":1,"199":1,"200":1,"201":1,"202":1,"203":1,"204":1,"205":1,"206":1,"207":1,"208":1,"209":1,"210":1,"211":1,"212":1,"213":1,"214":1,"215":1,"216":1,"217":1,"218":1,"219":1,"220":1,"221":1,"222":1,"223":1,"224":1,"225":1,"226":1,"227":1,"228":1,"229":1,"230":1,"231":1,"232":1,"233":1,"234":1,"235":1,"236":1,"237":1,"238":1,"239":1,"240":1,"241":1,"242":1,"243":1,"244":1,"245":1,"246":1,"247":1,"248":1,"249":1,"250":1,"251":1,"252":1,"253":1,"254":1,"255":1,"256":1,"257":1,"258":1,"259":1,"260":1,"261":1,"262":1,"263":1,"264":1,"265":1,"266":1,"267":1,"268":1,"269":1,"270":1,"271":1,"272":1,"273":1,"274":1,"275":1,"276":1,"277":1,"278":1,"279":1,"280":1,"281":1,"282":1,"283":1,"284":1,"285":1,"286":1,"287":1,"288":1,"289":1,"290":1,"291":1,"292":1,"293":1,"294":1},"branchMap":{"0":{"type":"branch","line":45,"loc":{"start":{"line":45,"column":7},"end":{"line":73,"column":1}},"locations":[{"start":{"line":45,"column":7},"end":{"line":73,"column":1}}]},"1":{"type":"branch","line":46,"loc":{"start":{"line":46,"column":28},"end":{"line":51,"column":9}},"locations":[{"start":{"line":46,"column":28},"end":{"line":51,"column":9}}]},"2":{"type":"branch","line":51,"loc":{"start":{"line":51,"column":2},"end":{"line":72,"column":3}},"locations":[{"start":{"line":51,"column":2},"end":{"line":72,"column":3}}]},"3":{"type":"branch","line":48,"loc":{"start":{"line":48,"column":35},"end":{"line":50,"column":5}},"locations":[{"start":{"line":48,"column":35},"end":{"line":50,"column":5}}]},"4":{"type":"branch","line":55,"loc":{"start":{"line":55,"column":6},"end":{"line":63,"column":8}},"locations":[{"start":{"line":55,"column":6},"end":{"line":63,"column":8}}]},"5":{"type":"branch","line":58,"loc":{"start":{"line":58,"column":26},"end":{"line":61,"column":9}},"locations":[{"start":{"line":58,"column":26},"end":{"line":61,"column":9}}]},"6":{"type":"branch","line":61,"loc":{"start":{"line":61,"column":8},"end":{"line":62,"column":20}},"locations":[{"start":{"line":61,"column":8},"end":{"line":62,"column":20}}]},"7":{"type":"branch","line":82,"loc":{"start":{"line":82,"column":7},"end":{"line":104,"column":1}},"locations":[{"start":{"line":82,"column":7},"end":{"line":104,"column":1}}]},"8":{"type":"branch","line":84,"loc":{"start":{"line":84,"column":31},"end":{"line":88,"column":11}},"locations":[{"start":{"line":84,"column":31},"end":{"line":88,"column":11}}]},"9":{"type":"branch","line":88,"loc":{"start":{"line":88,"column":4},"end":{"line":100,"column":5}},"locations":[{"start":{"line":88,"column":4},"end":{"line":100,"column":5}}]},"10":{"type":"branch","line":101,"loc":{"start":{"line":101,"column":2},"end":{"line":103,"column":3}},"locations":[{"start":{"line":101,"column":2},"end":{"line":103,"column":3}}]},"11":{"type":"branch","line":85,"loc":{"start":{"line":85,"column":24},"end":{"line":87,"column":7}},"locations":[{"start":{"line":85,"column":24},"end":{"line":87,"column":7}}]},"12":{"type":"branch","line":91,"loc":{"start":{"line":91,"column":16},"end":{"line":91,"column":66}},"locations":[{"start":{"line":91,"column":16},"end":{"line":91,"column":66}}]},"13":{"type":"branch","line":91,"loc":{"start":{"line":91,"column":40},"end":{"line":91,"column":66}},"locations":[{"start":{"line":91,"column":40},"end":{"line":91,"column":66}}]},"14":{"type":"branch","line":92,"loc":{"start":{"line":92,"column":17},"end":{"line":98,"column":9}},"locations":[{"start":{"line":92,"column":17},"end":{"line":98,"column":9}}]},"15":{"type":"branch","line":106,"loc":{"start":{"line":106,"column":0},"end":{"line":113,"column":1}},"locations":[{"start":{"line":106,"column":0},"end":{"line":113,"column":1}}]},"16":{"type":"branch","line":107,"loc":{"start":{"line":107,"column":39},"end":{"line":109,"column":9}},"locations":[{"start":{"line":107,"column":39},"end":{"line":109,"column":9}}]},"17":{"type":"branch","line":109,"loc":{"start":{"line":109,"column":2},"end":{"line":112,"column":3}},"locations":[{"start":{"line":109,"column":2},"end":{"line":112,"column":3}}]},"18":{"type":"branch","line":156,"loc":{"start":{"line":156,"column":0},"end":{"line":201,"column":1}},"locations":[{"start":{"line":156,"column":0},"end":{"line":201,"column":1}}]},"19":{"type":"branch","line":158,"loc":{"start":{"line":158,"column":4},"end":{"line":163,"column":5}},"locations":[{"start":{"line":158,"column":4},"end":{"line":163,"column":5}}]},"20":{"type":"branch","line":164,"loc":{"start":{"line":164,"column":4},"end":{"line":187,"column":5}},"locations":[{"start":{"line":164,"column":4},"end":{"line":187,"column":5}}]},"21":{"type":"branch","line":167,"loc":{"start":{"line":167,"column":18},"end":{"line":170,"column":7}},"locations":[{"start":{"line":167,"column":18},"end":{"line":170,"column":7}}]},"22":{"type":"branch","line":188,"loc":{"start":{"line":188,"column":4},"end":{"line":193,"column":5}},"locations":[{"start":{"line":188,"column":4},"end":{"line":193,"column":5}}]},"23":{"type":"branch","line":194,"loc":{"start":{"line":194,"column":4},"end":{"line":199,"column":5}},"locations":[{"start":{"line":194,"column":4},"end":{"line":199,"column":5}}]},"24":{"type":"branch","line":159,"loc":{"start":{"line":159,"column":13},"end":{"line":162,"column":8}},"locations":[{"start":{"line":159,"column":13},"end":{"line":162,"column":8}}]},"25":{"type":"branch","line":173,"loc":{"start":{"line":173,"column":13},"end":{"line":186,"column":8}},"locations":[{"start":{"line":173,"column":13},"end":{"line":186,"column":8}}]},"26":{"type":"branch","line":177,"loc":{"start":{"line":177,"column":40},"end":{"line":184,"column":11}},"locations":[{"start":{"line":177,"column":40},"end":{"line":184,"column":11}}]},"27":{"type":"branch","line":181,"loc":{"start":{"line":181,"column":12},"end":{"line":183,"column":13}},"locations":[{"start":{"line":181,"column":12},"end":{"line":183,"column":13}}]},"28":{"type":"branch","line":195,"loc":{"start":{"line":195,"column":13},"end":{"line":198,"column":8}},"locations":[{"start":{"line":195,"column":13},"end":{"line":198,"column":8}}]},"29":{"type":"branch","line":196,"loc":{"start":{"line":196,"column":28},"end":{"line":196,"column":45}},"locations":[{"start":{"line":196,"column":28},"end":{"line":196,"column":45}}]},"30":{"type":"branch","line":203,"loc":{"start":{"line":203,"column":0},"end":{"line":205,"column":1}},"locations":[{"start":{"line":203,"column":0},"end":{"line":205,"column":1}}]},"31":{"type":"branch","line":204,"loc":{"start":{"line":204,"column":24},"end":{"line":204,"column":41}},"locations":[{"start":{"line":204,"column":24},"end":{"line":204,"column":41}}]},"32":{"type":"branch","line":204,"loc":{"start":{"line":204,"column":35},"end":{"line":204,"column":51}},"locations":[{"start":{"line":204,"column":35},"end":{"line":204,"column":51}}]},"33":{"type":"branch","line":207,"loc":{"start":{"line":207,"column":0},"end":{"line":267,"column":1}},"locations":[{"start":{"line":207,"column":0},"end":{"line":267,"column":1}}]},"34":{"type":"branch","line":209,"loc":{"start":{"line":209,"column":4},"end":{"line":213,"column":5}},"locations":[{"start":{"line":209,"column":4},"end":{"line":213,"column":5}}]},"35":{"type":"branch","line":214,"loc":{"start":{"line":214,"column":4},"end":{"line":218,"column":5}},"locations":[{"start":{"line":214,"column":4},"end":{"line":218,"column":5}}]},"36":{"type":"branch","line":219,"loc":{"start":{"line":219,"column":4},"end":{"line":230,"column":5}},"locations":[{"start":{"line":219,"column":4},"end":{"line":230,"column":5}}]},"37":{"type":"branch","line":231,"loc":{"start":{"line":231,"column":4},"end":{"line":253,"column":5}},"locations":[{"start":{"line":231,"column":4},"end":{"line":253,"column":5}}]},"38":{"type":"branch","line":234,"loc":{"start":{"line":234,"column":18},"end":{"line":237,"column":7}},"locations":[{"start":{"line":234,"column":18},"end":{"line":237,"column":7}}]},"39":{"type":"branch","line":254,"loc":{"start":{"line":254,"column":4},"end":{"line":258,"column":5}},"locations":[{"start":{"line":254,"column":4},"end":{"line":258,"column":5}}]},"40":{"type":"branch","line":259,"loc":{"start":{"line":259,"column":4},"end":{"line":265,"column":5}},"locations":[{"start":{"line":259,"column":4},"end":{"line":265,"column":5}}]},"41":{"type":"branch","line":210,"loc":{"start":{"line":210,"column":13},"end":{"line":212,"column":8}},"locations":[{"start":{"line":210,"column":13},"end":{"line":212,"column":8}}]},"42":{"type":"branch","line":215,"loc":{"start":{"line":215,"column":13},"end":{"line":217,"column":8}},"locations":[{"start":{"line":215,"column":13},"end":{"line":217,"column":8}}]},"43":{"type":"branch","line":220,"loc":{"start":{"line":220,"column":13},"end":{"line":229,"column":8}},"locations":[{"start":{"line":220,"column":13},"end":{"line":229,"column":8}}]},"44":{"type":"branch","line":223,"loc":{"start":{"line":223,"column":28},"end":{"line":226,"column":9}},"locations":[{"start":{"line":223,"column":28},"end":{"line":226,"column":9}}]},"45":{"type":"branch","line":239,"loc":{"start":{"line":239,"column":13},"end":{"line":252,"column":8}},"locations":[{"start":{"line":239,"column":13},"end":{"line":252,"column":8}}]},"46":{"type":"branch","line":245,"loc":{"start":{"line":245,"column":12},"end":{"line":248,"column":14}},"locations":[{"start":{"line":245,"column":12},"end":{"line":248,"column":14}}]},"47":{"type":"branch","line":255,"loc":{"start":{"line":255,"column":13},"end":{"line":257,"column":8}},"locations":[{"start":{"line":255,"column":13},"end":{"line":257,"column":8}}]},"48":{"type":"branch","line":269,"loc":{"start":{"line":269,"column":7},"end":{"line":295,"column":1}},"locations":[{"start":{"line":269,"column":7},"end":{"line":295,"column":1}}]},"49":{"type":"branch","line":270,"loc":{"start":{"line":270,"column":9},"end":{"line":294,"column":4}},"locations":[{"start":{"line":270,"column":9},"end":{"line":294,"column":4}}]},"50":{"type":"branch","line":275,"loc":{"start":{"line":275,"column":24},"end":{"line":275,"column":41}},"locations":[{"start":{"line":275,"column":24},"end":{"line":275,"column":41}}]},"51":{"type":"branch","line":276,"loc":{"start":{"line":276,"column":8},"end":{"line":276,"column":27}},"locations":[{"start":{"line":276,"column":8},"end":{"line":276,"column":27}}]},"52":{"type":"branch","line":276,"loc":{"start":{"line":276,"column":27},"end":{"line":279,"column":5}},"locations":[{"start":{"line":276,"column":27},"end":{"line":279,"column":5}}]},"53":{"type":"branch","line":280,"loc":{"start":{"line":280,"column":8},"end":{"line":280,"column":31}},"locations":[{"start":{"line":280,"column":8},"end":{"line":280,"column":31}}]},"54":{"type":"branch","line":280,"loc":{"start":{"line":280,"column":31},"end":{"line":284,"column":5}},"locations":[{"start":{"line":280,"column":31},"end":{"line":284,"column":5}}]},"55":{"type":"branch","line":281,"loc":{"start":{"line":281,"column":76},"end":{"line":281,"column":84}},"locations":[{"start":{"line":281,"column":76},"end":{"line":281,"column":84}}]},"56":{"type":"branch","line":282,"loc":{"start":{"line":282,"column":68},"end":{"line":282,"column":95}},"locations":[{"start":{"line":282,"column":68},"end":{"line":282,"column":95}}]},"57":{"type":"branch","line":282,"loc":{"start":{"line":282,"column":80},"end":{"line":282,"column":118}},"locations":[{"start":{"line":282,"column":80},"end":{"line":282,"column":118}}]},"58":{"type":"branch","line":288,"loc":{"start":{"line":288,"column":25},"end":{"line":288,"column":50}},"locations":[{"start":{"line":288,"column":25},"end":{"line":288,"column":50}}]},"59":{"type":"branch","line":288,"loc":{"start":{"line":288,"column":34},"end":{"line":288,"column":82}},"locations":[{"start":{"line":288,"column":34},"end":{"line":288,"column":82}}]},"60":{"type":"branch","line":292,"loc":{"start":{"line":292,"column":23},"end":{"line":292,"column":46}},"locations":[{"start":{"line":292,"column":23},"end":{"line":292,"column":46}}]},"61":{"type":"branch","line":292,"loc":{"start":{"line":292,"column":32},"end":{"line":292,"column":76}},"locations":[{"start":{"line":292,"column":32},"end":{"line":292,"column":76}}]}},"b":{"0":[16],"1":[1],"2":[15],"3":[2],"4":[24],"5":[23],"6":[1],"7":[8],"8":[1],"9":[7],"10":[1],"11":[2],"12":[11],"13":[10],"14":[10],"15":[15],"16":[1],"17":[14],"18":[33],"19":[4],"20":[5],"21":[1],"22":[1],"23":[1],"24":[1],"25":[1],"26":[1],"27":[1],"28":[1],"29":[1],"30":[1],"31":[1],"32":[1],"33":[1],"34":[1],"35":[1],"36":[1],"37":[1],"38":[1],"39":[1],"40":[1],"41":[1],"42":[1],"43":[1],"44":[1],"45":[1],"46":[1],"47":[1],"48":[1],"49":[1],"50":[1],"51":[1],"52":[1],"53":[1],"54":[1],"55":[1],"56":[1],"57":[1],"58":[1],"59":[1],"60":[1],"61":[1]},"fnMap":{"0":{"name":"deserialize","decl":{"start":{"line":45,"column":7},"end":{"line":73,"column":1}},"loc":{"start":{"line":45,"column":7},"end":{"line":73,"column":1}},"line":45},"1":{"name":"__vite_ssr_import_1__.deserializeObject.thisArg","decl":{"start":{"line":55,"column":6},"end":{"line":63,"column":8}},"loc":{"start":{"line":55,"column":6},"end":{"line":63,"column":8}},"line":55},"2":{"name":"serialize","decl":{"start":{"line":82,"column":7},"end":{"line":104,"column":1}},"loc":{"start":{"line":82,"column":7},"end":{"line":104,"column":1}},"line":82},"3":{"name":"callFactory","decl":{"start":{"line":106,"column":0},"end":{"line":113,"column":1}},"loc":{"start":{"line":106,"column":0},"end":{"line":113,"column":1}},"line":106},"4":{"name":"makeSerializer","decl":{"start":{"line":156,"column":0},"end":{"line":201,"column":1}},"loc":{"start":{"line":156,"column":0},"end":{"line":201,"column":1}},"line":156},"5":{"name":"items","decl":{"start":{"line":159,"column":13},"end":{"line":162,"column":8}},"loc":{"start":{"line":159,"column":13},"end":{"line":162,"column":8}},"line":159},"6":{"name":"propertyKey","decl":{"start":{"line":173,"column":13},"end":{"line":186,"column":8}},"loc":{"start":{"line":173,"column":13},"end":{"line":186,"column":8}},"line":173},"7":{"name":"propertyKey","decl":{"start":{"line":189,"column":13},"end":{"line":192,"column":8}},"loc":{"start":{"line":189,"column":13},"end":{"line":192,"column":8}},"line":189},"8":{"name":"safeKey","decl":{"start":{"line":203,"column":0},"end":{"line":205,"column":1}},"loc":{"start":{"line":203,"column":0},"end":{"line":205,"column":1}},"line":203},"9":{"name":"makeDeserializer","decl":{"start":{"line":207,"column":0},"end":{"line":267,"column":1}},"loc":{"start":{"line":207,"column":0},"end":{"line":267,"column":1}},"line":207},"10":{"name":"__vite_ssr_import_1__.deserializeInteger","decl":{"start":{"line":210,"column":13},"end":{"line":212,"column":8}},"loc":{"start":{"line":210,"column":13},"end":{"line":212,"column":8}},"line":210},"11":{"name":"objectFactory","decl":{"start":{"line":215,"column":13},"end":{"line":217,"column":8}},"loc":{"start":{"line":215,"column":13},"end":{"line":217,"column":8}},"line":215},"12":{"name":"items","decl":{"start":{"line":220,"column":13},"end":{"line":229,"column":8}},"loc":{"start":{"line":220,"column":13},"end":{"line":229,"column":8}},"line":220},"13":{"name":"__vite_ssr_import_1__.deserializeArray","decl":{"start":{"line":245,"column":12},"end":{"line":248,"column":14}},"loc":{"start":{"line":245,"column":12},"end":{"line":248,"column":14}},"line":245},"14":{"name":"serializable","decl":{"start":{"line":269,"column":7},"end":{"line":295,"column":1}},"loc":{"start":{"line":269,"column":7},"end":{"line":295,"column":1}},"line":269}},"f":{"0":16,"1":24,"2":8,"3":15,"4":33,"5":1,"6":1,"7":1,"8":1,"9":1,"10":1,"11":1,"12":1,"13":1,"14":1}}
,"/Users/pshampanier/Sources/sandbox/sql-editor/sql-mockup/src/util/serializers.ts": {"path":"/Users/pshampanier/Sources/sandbox/sql-editor/sql-mockup/src/util/serializers.ts","all":false,"statementMap":{"0":{"start":{"line":1,"column":0},"end":{"line":1,"column":47}},"1":{"start":{"line":2,"column":0},"end":{"line":2,"column":20}},"2":{"start":{"line":3,"column":0},"end":{"line":3,"column":19}},"3":{"start":{"line":4,"column":0},"end":{"line":4,"column":0}},"4":{"start":{"line":5,"column":0},"end":{"line":5,"column":50}},"5":{"start":{"line":6,"column":0},"end":{"line":6,"column":21}},"6":{"start":{"line":7,"column":0},"end":{"line":7,"column":28}},"7":{"start":{"line":8,"column":0},"end":{"line":8,"column":3}},"8":{"start":{"line":9,"column":0},"end":{"line":9,"column":0}},"9":{"start":{"line":10,"column":0},"end":{"line":10,"column":25}},"10":{"start":{"line":11,"column":0},"end":{"line":11,"column":24}},"11":{"start":{"line":12,"column":0},"end":{"line":12,"column":41}},"12":{"start":{"line":13,"column":0},"end":{"line":13,"column":39}},"13":{"start":{"line":14,"column":0},"end":{"line":14,"column":12}},"14":{"start":{"line":15,"column":0},"end":{"line":15,"column":57}},"15":{"start":{"line":16,"column":0},"end":{"line":16,"column":5}},"16":{"start":{"line":17,"column":0},"end":{"line":17,"column":23}},"17":{"start":{"line":18,"column":0},"end":{"line":18,"column":38}},"18":{"start":{"line":19,"column":0},"end":{"line":19,"column":47}},"19":{"start":{"line":20,"column":0},"end":{"line":20,"column":43}},"20":{"start":{"line":21,"column":0},"end":{"line":21,"column":14}},"21":{"start":{"line":22,"column":0},"end":{"line":22,"column":36}},"22":{"start":{"line":23,"column":0},"end":{"line":23,"column":57}},"23":{"start":{"line":24,"column":0},"end":{"line":24,"column":7}},"24":{"start":{"line":25,"column":0},"end":{"line":25,"column":5}},"25":{"start":{"line":26,"column":0},"end":{"line":26,"column":19}},"26":{"start":{"line":27,"column":0},"end":{"line":27,"column":3}},"27":{"start":{"line":28,"column":0},"end":{"line":28,"column":0}},"28":{"start":{"line":29,"column":0},"end":{"line":29,"column":61}},"29":{"start":{"line":30,"column":0},"end":{"line":30,"column":38}},"30":{"start":{"line":31,"column":0},"end":{"line":31,"column":84}},"31":{"start":{"line":32,"column":0},"end":{"line":32,"column":67}},"32":{"start":{"line":33,"column":0},"end":{"line":33,"column":119}},"33":{"start":{"line":34,"column":0},"end":{"line":34,"column":5}},"34":{"start":{"line":35,"column":0},"end":{"line":35,"column":16}},"35":{"start":{"line":36,"column":0},"end":{"line":36,"column":3}},"36":{"start":{"line":37,"column":0},"end":{"line":37,"column":0}},"37":{"start":{"line":38,"column":0},"end":{"line":38,"column":51}},"38":{"start":{"line":39,"column":0},"end":{"line":39,"column":46}},"39":{"start":{"line":40,"column":0},"end":{"line":40,"column":19}},"40":{"start":{"line":41,"column":0},"end":{"line":41,"column":12}},"41":{"start":{"line":42,"column":0},"end":{"line":42,"column":43}},"42":{"start":{"line":43,"column":0},"end":{"line":43,"column":5}},"43":{"start":{"line":44,"column":0},"end":{"line":44,"column":3}},"44":{"start":{"line":45,"column":0},"end":{"line":45,"column":1}},"45":{"start":{"line":46,"column":0},"end":{"line":46,"column":0}},"46":{"start":{"line":47,"column":0},"end":{"line":47,"column":39}},"47":{"start":{"line":48,"column":0},"end":{"line":48,"column":47}},"48":{"start":{"line":49,"column":0},"end":{"line":49,"column":24}},"49":{"start":{"line":50,"column":0},"end":{"line":50,"column":14}},"50":{"start":{"line":51,"column":0},"end":{"line":51,"column":3}},"51":{"start":{"line":52,"column":0},"end":{"line":52,"column":7}},"52":{"start":{"line":53,"column":0},"end":{"line":53,"column":36}},"53":{"start":{"line":54,"column":0},"end":{"line":54,"column":15}},"54":{"start":{"line":55,"column":0},"end":{"line":55,"column":53}},"55":{"start":{"line":56,"column":0},"end":{"line":56,"column":3}},"56":{"start":{"line":57,"column":0},"end":{"line":57,"column":1}},"57":{"start":{"line":58,"column":0},"end":{"line":58,"column":0}},"58":{"start":{"line":59,"column":0},"end":{"line":59,"column":36}},"59":{"start":{"line":60,"column":0},"end":{"line":60,"column":25}},"60":{"start":{"line":61,"column":0},"end":{"line":61,"column":19}},"61":{"start":{"line":62,"column":0},"end":{"line":62,"column":19}},"62":{"start":{"line":63,"column":0},"end":{"line":63,"column":2}},"63":{"start":{"line":64,"column":0},"end":{"line":64,"column":0}},"64":{"start":{"line":65,"column":0},"end":{"line":65,"column":3}},"65":{"start":{"line":66,"column":0},"end":{"line":66,"column":2}},"66":{"start":{"line":67,"column":0},"end":{"line":67,"column":42}},"67":{"start":{"line":68,"column":0},"end":{"line":68,"column":17}},"68":{"start":{"line":69,"column":0},"end":{"line":69,"column":77}},"69":{"start":{"line":70,"column":0},"end":{"line":70,"column":3}},"70":{"start":{"line":71,"column":0},"end":{"line":71,"column":82}},"71":{"start":{"line":72,"column":0},"end":{"line":72,"column":81}},"72":{"start":{"line":73,"column":0},"end":{"line":73,"column":91}},"73":{"start":{"line":74,"column":0},"end":{"line":74,"column":88}},"74":{"start":{"line":75,"column":0},"end":{"line":75,"column":90}},"75":{"start":{"line":76,"column":0},"end":{"line":76,"column":3}},"76":{"start":{"line":77,"column":0},"end":{"line":77,"column":1}},"77":{"start":{"line":78,"column":0},"end":{"line":78,"column":0}},"78":{"start":{"line":79,"column":0},"end":{"line":79,"column":3}},"79":{"start":{"line":80,"column":0},"end":{"line":80,"column":36}},"80":{"start":{"line":81,"column":0},"end":{"line":81,"column":15}},"81":{"start":{"line":82,"column":0},"end":{"line":82,"column":17}},"82":{"start":{"line":83,"column":0},"end":{"line":83,"column":11}},"83":{"start":{"line":84,"column":0},"end":{"line":84,"column":3}},"84":{"start":{"line":85,"column":0},"end":{"line":85,"column":104}},"85":{"start":{"line":86,"column":0},"end":{"line":86,"column":44}},"86":{"start":{"line":87,"column":0},"end":{"line":87,"column":30}},"87":{"start":{"line":88,"column":0},"end":{"line":88,"column":36}},"88":{"start":{"line":89,"column":0},"end":{"line":89,"column":26}},"89":{"start":{"line":90,"column":0},"end":{"line":90,"column":85}},"90":{"start":{"line":91,"column":0},"end":{"line":91,"column":49}},"91":{"start":{"line":92,"column":0},"end":{"line":92,"column":5}},"92":{"start":{"line":93,"column":0},"end":{"line":93,"column":38}},"93":{"start":{"line":94,"column":0},"end":{"line":94,"column":78}},"94":{"start":{"line":95,"column":0},"end":{"line":95,"column":25}},"95":{"start":{"line":96,"column":0},"end":{"line":96,"column":33}},"96":{"start":{"line":97,"column":0},"end":{"line":97,"column":5}},"97":{"start":{"line":98,"column":0},"end":{"line":98,"column":13}},"98":{"start":{"line":99,"column":0},"end":{"line":99,"column":20}},"99":{"start":{"line":100,"column":0},"end":{"line":100,"column":1}},"100":{"start":{"line":101,"column":0},"end":{"line":101,"column":0}},"101":{"start":{"line":102,"column":0},"end":{"line":102,"column":75}},"102":{"start":{"line":103,"column":0},"end":{"line":103,"column":0}},"103":{"start":{"line":104,"column":0},"end":{"line":104,"column":33}},"104":{"start":{"line":105,"column":0},"end":{"line":105,"column":25}},"105":{"start":{"line":106,"column":0},"end":{"line":106,"column":50}},"106":{"start":{"line":107,"column":0},"end":{"line":107,"column":26}},"107":{"start":{"line":108,"column":0},"end":{"line":108,"column":2}},"108":{"start":{"line":109,"column":0},"end":{"line":109,"column":0}},"109":{"start":{"line":110,"column":0},"end":{"line":110,"column":95}},"110":{"start":{"line":111,"column":0},"end":{"line":111,"column":44}},"111":{"start":{"line":112,"column":0},"end":{"line":112,"column":30}},"112":{"start":{"line":113,"column":0},"end":{"line":113,"column":36}},"113":{"start":{"line":114,"column":0},"end":{"line":114,"column":26}},"114":{"start":{"line":115,"column":0},"end":{"line":115,"column":38}},"115":{"start":{"line":116,"column":0},"end":{"line":116,"column":41}},"116":{"start":{"line":117,"column":0},"end":{"line":117,"column":27}},"117":{"start":{"line":118,"column":0},"end":{"line":118,"column":33}},"118":{"start":{"line":119,"column":0},"end":{"line":119,"column":30}},"119":{"start":{"line":120,"column":0},"end":{"line":120,"column":25}},"120":{"start":{"line":121,"column":0},"end":{"line":121,"column":49}},"121":{"start":{"line":122,"column":0},"end":{"line":122,"column":18}},"122":{"start":{"line":123,"column":0},"end":{"line":123,"column":11}},"123":{"start":{"line":124,"column":0},"end":{"line":124,"column":24}},"124":{"start":{"line":125,"column":0},"end":{"line":125,"column":25}},"125":{"start":{"line":126,"column":0},"end":{"line":126,"column":110}},"126":{"start":{"line":127,"column":0},"end":{"line":127,"column":18}},"127":{"start":{"line":128,"column":0},"end":{"line":128,"column":11}},"128":{"start":{"line":129,"column":0},"end":{"line":129,"column":20}},"129":{"start":{"line":130,"column":0},"end":{"line":130,"column":36}},"130":{"start":{"line":131,"column":0},"end":{"line":131,"column":18}},"131":{"start":{"line":132,"column":0},"end":{"line":132,"column":11}},"132":{"start":{"line":133,"column":0},"end":{"line":133,"column":9}},"133":{"start":{"line":134,"column":0},"end":{"line":134,"column":43}},"134":{"start":{"line":135,"column":0},"end":{"line":135,"column":7}},"135":{"start":{"line":136,"column":0},"end":{"line":136,"column":42}},"136":{"start":{"line":137,"column":0},"end":{"line":137,"column":17}},"137":{"start":{"line":138,"column":0},"end":{"line":138,"column":7}},"138":{"start":{"line":139,"column":0},"end":{"line":139,"column":5}},"139":{"start":{"line":140,"column":0},"end":{"line":140,"column":66}},"140":{"start":{"line":141,"column":0},"end":{"line":141,"column":20}},"141":{"start":{"line":142,"column":0},"end":{"line":142,"column":1}},"142":{"start":{"line":143,"column":0},"end":{"line":143,"column":0}},"143":{"start":{"line":144,"column":0},"end":{"line":144,"column":3}},"144":{"start":{"line":145,"column":0},"end":{"line":145,"column":53}},"145":{"start":{"line":146,"column":0},"end":{"line":146,"column":2}},"146":{"start":{"line":147,"column":0},"end":{"line":147,"column":95}},"147":{"start":{"line":148,"column":0},"end":{"line":148,"column":67}},"148":{"start":{"line":149,"column":0},"end":{"line":149,"column":71}},"149":{"start":{"line":150,"column":0},"end":{"line":150,"column":3}},"150":{"start":{"line":151,"column":0},"end":{"line":151,"column":40}},"151":{"start":{"line":152,"column":0},"end":{"line":152,"column":25}},"152":{"start":{"line":153,"column":0},"end":{"line":153,"column":31}},"153":{"start":{"line":154,"column":0},"end":{"line":154,"column":25}},"154":{"start":{"line":155,"column":0},"end":{"line":155,"column":54}},"155":{"start":{"line":156,"column":0},"end":{"line":156,"column":2}},"156":{"start":{"line":157,"column":0},"end":{"line":157,"column":0}},"157":{"start":{"line":158,"column":0},"end":{"line":158,"column":3}},"158":{"start":{"line":159,"column":0},"end":{"line":159,"column":41}},"159":{"start":{"line":160,"column":0},"end":{"line":160,"column":2}},"160":{"start":{"line":161,"column":0},"end":{"line":161,"column":120}},"161":{"start":{"line":162,"column":0},"end":{"line":162,"column":95}},"162":{"start":{"line":163,"column":0},"end":{"line":163,"column":55}},"163":{"start":{"line":164,"column":0},"end":{"line":164,"column":46}},"164":{"start":{"line":165,"column":0},"end":{"line":165,"column":112}},"165":{"start":{"line":166,"column":0},"end":{"line":166,"column":87}},"166":{"start":{"line":167,"column":0},"end":{"line":167,"column":3}},"167":{"start":{"line":168,"column":0},"end":{"line":168,"column":0}},"168":{"start":{"line":169,"column":0},"end":{"line":169,"column":3}},"169":{"start":{"line":170,"column":0},"end":{"line":170,"column":25}},"170":{"start":{"line":171,"column":0},"end":{"line":171,"column":2}},"171":{"start":{"line":172,"column":0},"end":{"line":172,"column":116}},"172":{"start":{"line":173,"column":0},"end":{"line":173,"column":50}},"173":{"start":{"line":174,"column":0},"end":{"line":174,"column":2}},"174":{"start":{"line":175,"column":0},"end":{"line":175,"column":48}},"175":{"start":{"line":176,"column":0},"end":{"line":176,"column":120}},"176":{"start":{"line":177,"column":0},"end":{"line":177,"column":118}},"177":{"start":{"line":178,"column":0},"end":{"line":178,"column":34}},"178":{"start":{"line":179,"column":0},"end":{"line":179,"column":28}},"179":{"start":{"line":180,"column":0},"end":{"line":180,"column":43}},"180":{"start":{"line":181,"column":0},"end":{"line":181,"column":40}},"181":{"start":{"line":182,"column":0},"end":{"line":182,"column":32}},"182":{"start":{"line":183,"column":0},"end":{"line":183,"column":36}},"183":{"start":{"line":184,"column":0},"end":{"line":184,"column":3}},"184":{"start":{"line":185,"column":0},"end":{"line":185,"column":34}},"185":{"start":{"line":186,"column":0},"end":{"line":186,"column":17}},"186":{"start":{"line":187,"column":0},"end":{"line":187,"column":118}},"187":{"start":{"line":188,"column":0},"end":{"line":188,"column":36}},"188":{"start":{"line":189,"column":0},"end":{"line":189,"column":9}},"189":{"start":{"line":190,"column":0},"end":{"line":190,"column":37}},"190":{"start":{"line":191,"column":0},"end":{"line":191,"column":30}},"191":{"start":{"line":192,"column":0},"end":{"line":192,"column":36}},"192":{"start":{"line":193,"column":0},"end":{"line":193,"column":26}},"193":{"start":{"line":194,"column":0},"end":{"line":194,"column":5}},"194":{"start":{"line":195,"column":0},"end":{"line":195,"column":26}},"195":{"start":{"line":196,"column":0},"end":{"line":196,"column":85}},"196":{"start":{"line":197,"column":0},"end":{"line":197,"column":5}},"197":{"start":{"line":198,"column":0},"end":{"line":198,"column":0}},"198":{"start":{"line":199,"column":0},"end":{"line":199,"column":92}},"199":{"start":{"line":200,"column":0},"end":{"line":200,"column":62}},"200":{"start":{"line":201,"column":0},"end":{"line":201,"column":0}},"201":{"start":{"line":202,"column":0},"end":{"line":202,"column":117}},"202":{"start":{"line":203,"column":0},"end":{"line":203,"column":107}},"203":{"start":{"line":204,"column":0},"end":{"line":204,"column":38}},"204":{"start":{"line":205,"column":0},"end":{"line":205,"column":53}},"205":{"start":{"line":206,"column":0},"end":{"line":206,"column":0}},"206":{"start":{"line":207,"column":0},"end":{"line":207,"column":69}},"207":{"start":{"line":208,"column":0},"end":{"line":208,"column":54}},"208":{"start":{"line":209,"column":0},"end":{"line":209,"column":30}},"209":{"start":{"line":210,"column":0},"end":{"line":210,"column":9}},"210":{"start":{"line":211,"column":0},"end":{"line":211,"column":33}},"211":{"start":{"line":212,"column":0},"end":{"line":212,"column":117}},"212":{"start":{"line":213,"column":0},"end":{"line":213,"column":70}},"213":{"start":{"line":214,"column":0},"end":{"line":214,"column":15}},"214":{"start":{"line":215,"column":0},"end":{"line":215,"column":7}},"215":{"start":{"line":216,"column":0},"end":{"line":216,"column":49}},"216":{"start":{"line":217,"column":0},"end":{"line":217,"column":60}},"217":{"start":{"line":218,"column":0},"end":{"line":218,"column":34}},"218":{"start":{"line":219,"column":0},"end":{"line":219,"column":11}},"219":{"start":{"line":220,"column":0},"end":{"line":220,"column":37}},"220":{"start":{"line":221,"column":0},"end":{"line":221,"column":95}},"221":{"start":{"line":222,"column":0},"end":{"line":222,"column":53}},"222":{"start":{"line":223,"column":0},"end":{"line":223,"column":74}},"223":{"start":{"line":224,"column":0},"end":{"line":224,"column":82}},"224":{"start":{"line":225,"column":0},"end":{"line":225,"column":26}},"225":{"start":{"line":226,"column":0},"end":{"line":226,"column":9}},"226":{"start":{"line":227,"column":0},"end":{"line":227,"column":9}},"227":{"start":{"line":228,"column":0},"end":{"line":228,"column":7}},"228":{"start":{"line":229,"column":0},"end":{"line":229,"column":0}},"229":{"start":{"line":230,"column":0},"end":{"line":230,"column":47}},"230":{"start":{"line":231,"column":0},"end":{"line":231,"column":72}},"231":{"start":{"line":232,"column":0},"end":{"line":232,"column":36}},"232":{"start":{"line":233,"column":0},"end":{"line":233,"column":23}},"233":{"start":{"line":234,"column":0},"end":{"line":234,"column":92}},"234":{"start":{"line":235,"column":0},"end":{"line":235,"column":67}},"235":{"start":{"line":236,"column":0},"end":{"line":236,"column":92}},"236":{"start":{"line":237,"column":0},"end":{"line":237,"column":101}},"237":{"start":{"line":238,"column":0},"end":{"line":238,"column":30}},"238":{"start":{"line":239,"column":0},"end":{"line":239,"column":7}},"239":{"start":{"line":240,"column":0},"end":{"line":240,"column":7}},"240":{"start":{"line":241,"column":0},"end":{"line":241,"column":0}},"241":{"start":{"line":242,"column":0},"end":{"line":242,"column":104}},"242":{"start":{"line":243,"column":0},"end":{"line":243,"column":30}},"243":{"start":{"line":244,"column":0},"end":{"line":244,"column":100}},"244":{"start":{"line":245,"column":0},"end":{"line":245,"column":5}},"245":{"start":{"line":246,"column":0},"end":{"line":246,"column":0}},"246":{"start":{"line":247,"column":0},"end":{"line":247,"column":28}},"247":{"start":{"line":248,"column":0},"end":{"line":248,"column":20}},"248":{"start":{"line":249,"column":0},"end":{"line":249,"column":1}},"249":{"start":{"line":250,"column":0},"end":{"line":250,"column":0}},"250":{"start":{"line":251,"column":0},"end":{"line":251,"column":32}},"251":{"start":{"line":252,"column":0},"end":{"line":252,"column":25}},"252":{"start":{"line":253,"column":0},"end":{"line":253,"column":28}},"253":{"start":{"line":254,"column":0},"end":{"line":254,"column":28}},"254":{"start":{"line":255,"column":0},"end":{"line":255,"column":29}},"255":{"start":{"line":256,"column":0},"end":{"line":256,"column":2}},"256":{"start":{"line":257,"column":0},"end":{"line":257,"column":0}},"257":{"start":{"line":258,"column":0},"end":{"line":258,"column":36}},"258":{"start":{"line":259,"column":0},"end":{"line":259,"column":17}},"259":{"start":{"line":260,"column":0},"end":{"line":260,"column":66}},"260":{"start":{"line":261,"column":0},"end":{"line":261,"column":35}},"261":{"start":{"line":262,"column":0},"end":{"line":262,"column":8}},"262":{"start":{"line":263,"column":0},"end":{"line":263,"column":46}},"263":{"start":{"line":264,"column":0},"end":{"line":264,"column":32}},"264":{"start":{"line":265,"column":0},"end":{"line":265,"column":71}},"265":{"start":{"line":266,"column":0},"end":{"line":266,"column":5}},"266":{"start":{"line":267,"column":0},"end":{"line":267,"column":38}},"267":{"start":{"line":268,"column":0},"end":{"line":268,"column":98}},"268":{"start":{"line":269,"column":0},"end":{"line":269,"column":84}},"269":{"start":{"line":270,"column":0},"end":{"line":270,"column":5}},"270":{"start":{"line":271,"column":0},"end":{"line":271,"column":98}},"271":{"start":{"line":272,"column":0},"end":{"line":272,"column":83}},"272":{"start":{"line":273,"column":0},"end":{"line":273,"column":5}},"273":{"start":{"line":274,"column":0},"end":{"line":274,"column":29}},"274":{"start":{"line":275,"column":0},"end":{"line":275,"column":65}},"275":{"start":{"line":276,"column":0},"end":{"line":276,"column":11}},"276":{"start":{"line":277,"column":0},"end":{"line":277,"column":47}},"277":{"start":{"line":278,"column":0},"end":{"line":278,"column":19}},"278":{"start":{"line":279,"column":0},"end":{"line":279,"column":59}},"279":{"start":{"line":280,"column":0},"end":{"line":280,"column":7}},"280":{"start":{"line":281,"column":0},"end":{"line":281,"column":25}},"281":{"start":{"line":282,"column":0},"end":{"line":282,"column":13}},"282":{"start":{"line":283,"column":0},"end":{"line":283,"column":20}},"283":{"start":{"line":284,"column":0},"end":{"line":284,"column":1}}},"s":{"0":1,"1":2,"2":2,"3":2,"4":2,"5":2,"6":2,"7":2,"8":2,"9":2,"10":4,"11":4,"12":2,"13":2,"14":2,"15":2,"16":4,"17":2,"18":0,"19":0,"20":2,"21":2,"22":2,"23":2,"24":2,"25":4,"26":4,"27":2,"28":2,"29":3,"30":0,"31":3,"32":1,"33":1,"34":3,"35":3,"36":2,"37":2,"38":3,"39":2,"40":3,"41":1,"42":1,"43":3,"44":2,"45":1,"46":1,"47":51,"48":51,"49":51,"50":51,"51":51,"52":51,"53":51,"54":2,"55":2,"56":51,"57":1,"58":1,"59":1,"60":1,"61":1,"62":1,"63":1,"64":1,"65":1,"66":1,"67":1,"68":1,"69":1,"70":6,"71":6,"72":0,"73":6,"74":0,"75":0,"76":6,"77":1,"78":1,"79":1,"80":1,"81":1,"82":1,"83":1,"84":1,"85":6,"86":6,"87":6,"88":6,"89":6,"90":0,"91":0,"92":6,"93":0,"94":6,"95":6,"96":6,"97":6,"98":6,"99":6,"100":1,"101":1,"102":1,"103":1,"104":1,"105":1,"106":1,"107":1,"108":1,"109":1,"110":13,"111":13,"112":13,"113":13,"114":13,"115":13,"116":0,"117":0,"118":0,"119":0,"120":0,"121":0,"122":0,"123":0,"124":0,"125":0,"126":0,"127":0,"128":0,"129":0,"130":0,"131":0,"132":0,"133":0,"134":0,"135":13,"136":13,"137":13,"138":13,"139":13,"140":13,"141":13,"142":1,"143":1,"144":1,"145":1,"146":1,"147":1,"148":1,"149":1,"150":1,"151":1,"152":1,"153":1,"154":1,"155":1,"156":1,"157":1,"158":1,"159":1,"160":1,"161":1,"162":1,"163":1,"164":1,"165":1,"166":1,"167":1,"168":1,"169":1,"170":1,"171":1,"172":1,"173":1,"174":1,"175":1,"176":1,"177":1,"178":1,"179":1,"180":1,"181":1,"182":1,"183":1,"184":1,"185":15,"186":15,"187":15,"188":15,"189":15,"190":15,"191":15,"192":15,"193":15,"194":15,"195":0,"196":0,"197":15,"198":15,"199":15,"200":15,"201":15,"202":15,"203":15,"204":15,"205":15,"206":15,"207":3,"208":9,"209":3,"210":3,"211":0,"212":0,"213":0,"214":0,"215":3,"216":4,"217":13,"218":4,"219":4,"220":0,"221":4,"222":3,"223":3,"224":3,"225":3,"226":3,"227":15,"228":15,"229":15,"230":24,"231":24,"232":24,"233":1,"234":1,"235":24,"236":2,"237":2,"238":2,"239":15,"240":15,"241":15,"242":15,"243":0,"244":0,"245":14,"246":14,"247":15,"248":15,"249":1,"250":1,"251":1,"252":1,"253":1,"254":1,"255":1,"256":1,"257":1,"258":5,"259":5,"260":5,"261":5,"262":5,"263":5,"264":0,"265":0,"266":5,"267":5,"268":0,"269":0,"270":5,"271":0,"272":0,"273":5,"274":5,"275":12,"276":12,"277":12,"278":0,"279":0,"280":5,"281":5,"282":5,"283":5},"branchMap":{"0":{"type":"branch","line":1,"loc":{"start":{"line":1,"column":46},"end":{"line":45,"column":1}},"locations":[{"start":{"line":1,"column":46},"end":{"line":45,"column":1}}]},"1":{"type":"branch","line":5,"loc":{"start":{"line":5,"column":2},"end":{"line":8,"column":3}},"locations":[{"start":{"line":5,"column":2},"end":{"line":8,"column":3}}]},"2":{"type":"branch","line":10,"loc":{"start":{"line":10,"column":2},"end":{"line":27,"column":3}},"locations":[{"start":{"line":10,"column":2},"end":{"line":27,"column":3}}]},"3":{"type":"branch","line":12,"loc":{"start":{"line":12,"column":40},"end":{"line":16,"column":5}},"locations":[{"start":{"line":12,"column":40},"end":{"line":16,"column":5}}]},"4":{"type":"branch","line":15,"loc":{"start":{"line":15,"column":49},"end":{"line":15,"column":57}},"locations":[{"start":{"line":15,"column":49},"end":{"line":15,"column":57}}]},"5":{"type":"branch","line":17,"loc":{"start":{"line":17,"column":22},"end":{"line":25,"column":5}},"locations":[{"start":{"line":17,"column":22},"end":{"line":25,"column":5}}]},"6":{"type":"branch","line":18,"loc":{"start":{"line":18,"column":37},"end":{"line":21,"column":13}},"locations":[{"start":{"line":18,"column":37},"end":{"line":21,"column":13}}]},"7":{"type":"branch","line":29,"loc":{"start":{"line":29,"column":2},"end":{"line":36,"column":3}},"locations":[{"start":{"line":29,"column":2},"end":{"line":36,"column":3}}]},"8":{"type":"branch","line":30,"loc":{"start":{"line":30,"column":37},"end":{"line":32,"column":15}},"locations":[{"start":{"line":30,"column":37},"end":{"line":32,"column":15}}]},"9":{"type":"branch","line":32,"loc":{"start":{"line":32,"column":34},"end":{"line":32,"column":66}},"locations":[{"start":{"line":32,"column":34},"end":{"line":32,"column":66}}]},"10":{"type":"branch","line":32,"loc":{"start":{"line":32,"column":66},"end":{"line":34,"column":5}},"locations":[{"start":{"line":32,"column":66},"end":{"line":34,"column":5}}]},"11":{"type":"branch","line":33,"loc":{"start":{"line":33,"column":27},"end":{"line":33,"column":71}},"locations":[{"start":{"line":33,"column":27},"end":{"line":33,"column":71}}]},"12":{"type":"branch","line":33,"loc":{"start":{"line":33,"column":67},"end":{"line":33,"column":87}},"locations":[{"start":{"line":33,"column":67},"end":{"line":33,"column":87}}]},"13":{"type":"branch","line":38,"loc":{"start":{"line":38,"column":9},"end":{"line":44,"column":3}},"locations":[{"start":{"line":38,"column":9},"end":{"line":44,"column":3}}]},"14":{"type":"branch","line":39,"loc":{"start":{"line":39,"column":45},"end":{"line":41,"column":11}},"locations":[{"start":{"line":39,"column":45},"end":{"line":41,"column":11}}]},"15":{"type":"branch","line":41,"loc":{"start":{"line":41,"column":4},"end":{"line":43,"column":5}},"locations":[{"start":{"line":41,"column":4},"end":{"line":43,"column":5}}]},"16":{"type":"branch","line":47,"loc":{"start":{"line":47,"column":7},"end":{"line":57,"column":1}},"locations":[{"start":{"line":47,"column":7},"end":{"line":57,"column":1}}]},"17":{"type":"branch","line":54,"loc":{"start":{"line":54,"column":2},"end":{"line":56,"column":3}},"locations":[{"start":{"line":54,"column":2},"end":{"line":56,"column":3}}]},"18":{"type":"branch","line":71,"loc":{"start":{"line":71,"column":0},"end":{"line":77,"column":1}},"locations":[{"start":{"line":71,"column":0},"end":{"line":77,"column":1}}]},"19":{"type":"branch","line":72,"loc":{"start":{"line":72,"column":22},"end":{"line":72,"column":59}},"locations":[{"start":{"line":72,"column":22},"end":{"line":72,"column":59}}]},"20":{"type":"branch","line":72,"loc":{"start":{"line":72,"column":51},"end":{"line":72,"column":80}},"locations":[{"start":{"line":72,"column":51},"end":{"line":72,"column":80}}]},"21":{"type":"branch","line":72,"loc":{"start":{"line":72,"column":80},"end":{"line":74,"column":13}},"locations":[{"start":{"line":72,"column":80},"end":{"line":74,"column":13}}]},"22":{"type":"branch","line":74,"loc":{"start":{"line":74,"column":29},"end":{"line":74,"column":66}},"locations":[{"start":{"line":74,"column":29},"end":{"line":74,"column":66}}]},"23":{"type":"branch","line":74,"loc":{"start":{"line":74,"column":58},"end":{"line":74,"column":87}},"locations":[{"start":{"line":74,"column":58},"end":{"line":74,"column":87}}]},"24":{"type":"branch","line":74,"loc":{"start":{"line":74,"column":87},"end":{"line":76,"column":3}},"locations":[{"start":{"line":74,"column":87},"end":{"line":76,"column":3}}]},"25":{"type":"branch","line":85,"loc":{"start":{"line":85,"column":7},"end":{"line":100,"column":1}},"locations":[{"start":{"line":85,"column":7},"end":{"line":100,"column":1}}]},"26":{"type":"branch","line":86,"loc":{"start":{"line":86,"column":37},"end":{"line":99,"column":5}},"locations":[{"start":{"line":86,"column":37},"end":{"line":99,"column":5}}]},"27":{"type":"branch","line":90,"loc":{"start":{"line":90,"column":4},"end":{"line":92,"column":5}},"locations":[{"start":{"line":90,"column":4},"end":{"line":92,"column":5}}]},"28":{"type":"branch","line":93,"loc":{"start":{"line":93,"column":37},"end":{"line":95,"column":15}},"locations":[{"start":{"line":93,"column":37},"end":{"line":95,"column":15}}]},"29":{"type":"branch","line":110,"loc":{"start":{"line":110,"column":7},"end":{"line":142,"column":1}},"locations":[{"start":{"line":110,"column":7},"end":{"line":142,"column":1}}]},"30":{"type":"branch","line":111,"loc":{"start":{"line":111,"column":37},"end":{"line":141,"column":5}},"locations":[{"start":{"line":111,"column":37},"end":{"line":141,"column":5}}]},"31":{"type":"branch","line":115,"loc":{"start":{"line":115,"column":15},"end":{"line":115,"column":38}},"locations":[{"start":{"line":115,"column":15},"end":{"line":115,"column":38}}]},"32":{"type":"branch","line":116,"loc":{"start":{"line":116,"column":40},"end":{"line":135,"column":7}},"locations":[{"start":{"line":116,"column":40},"end":{"line":135,"column":7}}]},"33":{"type":"branch","line":139,"loc":{"start":{"line":139,"column":4},"end":{"line":140,"column":48}},"locations":[{"start":{"line":139,"column":4},"end":{"line":140,"column":48}}]},"34":{"type":"branch","line":185,"loc":{"start":{"line":185,"column":7},"end":{"line":249,"column":1}},"locations":[{"start":{"line":185,"column":7},"end":{"line":249,"column":1}}]},"35":{"type":"branch","line":190,"loc":{"start":{"line":190,"column":30},"end":{"line":248,"column":5}},"locations":[{"start":{"line":190,"column":30},"end":{"line":248,"column":5}}]},"36":{"type":"branch","line":195,"loc":{"start":{"line":195,"column":25},"end":{"line":197,"column":5}},"locations":[{"start":{"line":195,"column":25},"end":{"line":197,"column":5}}]},"37":{"type":"branch","line":200,"loc":{"start":{"line":200,"column":45},"end":{"line":200,"column":60}},"locations":[{"start":{"line":200,"column":45},"end":{"line":200,"column":60}}]},"38":{"type":"branch","line":205,"loc":{"start":{"line":205,"column":34},"end":{"line":205,"column":53}},"locations":[{"start":{"line":205,"column":34},"end":{"line":205,"column":53}}]},"39":{"type":"branch","line":243,"loc":{"start":{"line":243,"column":29},"end":{"line":245,"column":5}},"locations":[{"start":{"line":243,"column":29},"end":{"line":245,"column":5}}]},"40":{"type":"branch","line":245,"loc":{"start":{"line":245,"column":4},"end":{"line":247,"column":28}},"locations":[{"start":{"line":245,"column":4},"end":{"line":247,"column":28}}]},"41":{"type":"branch","line":207,"loc":{"start":{"line":207,"column":41},"end":{"line":228,"column":5}},"locations":[{"start":{"line":207,"column":41},"end":{"line":228,"column":5}}]},"42":{"type":"branch","line":211,"loc":{"start":{"line":211,"column":32},"end":{"line":215,"column":7}},"locations":[{"start":{"line":211,"column":32},"end":{"line":215,"column":7}}]},"43":{"type":"branch","line":208,"loc":{"start":{"line":208,"column":44},"end":{"line":210,"column":7}},"locations":[{"start":{"line":208,"column":44},"end":{"line":210,"column":7}}]},"44":{"type":"branch","line":216,"loc":{"start":{"line":216,"column":24},"end":{"line":227,"column":7}},"locations":[{"start":{"line":216,"column":24},"end":{"line":227,"column":7}}]},"45":{"type":"branch","line":220,"loc":{"start":{"line":220,"column":36},"end":{"line":222,"column":19}},"locations":[{"start":{"line":220,"column":36},"end":{"line":222,"column":19}}]},"46":{"type":"branch","line":222,"loc":{"start":{"line":222,"column":52},"end":{"line":226,"column":9}},"locations":[{"start":{"line":222,"column":52},"end":{"line":226,"column":9}}]},"47":{"type":"branch","line":217,"loc":{"start":{"line":217,"column":50},"end":{"line":219,"column":9}},"locations":[{"start":{"line":217,"column":50},"end":{"line":219,"column":9}}]},"48":{"type":"branch","line":230,"loc":{"start":{"line":230,"column":20},"end":{"line":240,"column":5}},"locations":[{"start":{"line":230,"column":20},"end":{"line":240,"column":5}}]},"49":{"type":"branch","line":233,"loc":{"start":{"line":233,"column":22},"end":{"line":236,"column":17}},"locations":[{"start":{"line":233,"column":22},"end":{"line":236,"column":17}}]},"50":{"type":"branch","line":236,"loc":{"start":{"line":236,"column":6},"end":{"line":239,"column":7}},"locations":[{"start":{"line":236,"column":6},"end":{"line":239,"column":7}}]},"51":{"type":"branch","line":236,"loc":{"start":{"line":236,"column":22},"end":{"line":236,"column":47}},"locations":[{"start":{"line":236,"column":22},"end":{"line":236,"column":47}}]},"52":{"type":"branch","line":236,"loc":{"start":{"line":236,"column":34},"end":{"line":236,"column":91}},"locations":[{"start":{"line":236,"column":34},"end":{"line":236,"column":91}}]},"53":{"type":"branch","line":236,"loc":{"start":{"line":236,"column":91},"end":{"line":239,"column":7}},"locations":[{"start":{"line":236,"column":91},"end":{"line":239,"column":7}}]},"54":{"type":"branch","line":258,"loc":{"start":{"line":258,"column":7},"end":{"line":284,"column":1}},"locations":[{"start":{"line":258,"column":7},"end":{"line":284,"column":1}}]},"55":{"type":"branch","line":283,"loc":{"start":{"line":283,"column":5},"end":{"line":283,"column":18}},"locations":[{"start":{"line":283,"column":5},"end":{"line":283,"column":18}}]},"56":{"type":"branch","line":263,"loc":{"start":{"line":263,"column":39},"end":{"line":283,"column":5}},"locations":[{"start":{"line":263,"column":39},"end":{"line":283,"column":5}}]},"57":{"type":"branch","line":264,"loc":{"start":{"line":264,"column":31},"end":{"line":266,"column":5}},"locations":[{"start":{"line":264,"column":31},"end":{"line":266,"column":5}}]},"58":{"type":"branch","line":268,"loc":{"start":{"line":268,"column":8},"end":{"line":268,"column":28}},"locations":[{"start":{"line":268,"column":8},"end":{"line":268,"column":28}}]},"59":{"type":"branch","line":268,"loc":{"start":{"line":268,"column":28},"end":{"line":268,"column":69}},"locations":[{"start":{"line":268,"column":28},"end":{"line":268,"column":69}}]},"60":{"type":"branch","line":268,"loc":{"start":{"line":268,"column":61},"end":{"line":268,"column":97}},"locations":[{"start":{"line":268,"column":61},"end":{"line":268,"column":97}}]},"61":{"type":"branch","line":268,"loc":{"start":{"line":268,"column":97},"end":{"line":270,"column":5}},"locations":[{"start":{"line":268,"column":97},"end":{"line":270,"column":5}}]},"62":{"type":"branch","line":271,"loc":{"start":{"line":271,"column":8},"end":{"line":271,"column":28}},"locations":[{"start":{"line":271,"column":8},"end":{"line":271,"column":28}}]},"63":{"type":"branch","line":271,"loc":{"start":{"line":271,"column":28},"end":{"line":271,"column":69}},"locations":[{"start":{"line":271,"column":28},"end":{"line":271,"column":69}}]},"64":{"type":"branch","line":271,"loc":{"start":{"line":271,"column":61},"end":{"line":271,"column":97}},"locations":[{"start":{"line":271,"column":61},"end":{"line":271,"column":97}}]},"65":{"type":"branch","line":271,"loc":{"start":{"line":271,"column":97},"end":{"line":273,"column":5}},"locations":[{"start":{"line":271,"column":97},"end":{"line":273,"column":5}}]},"66":{"type":"branch","line":281,"loc":{"start":{"line":281,"column":7},"end":{"line":281,"column":23}},"locations":[{"start":{"line":281,"column":7},"end":{"line":281,"column":23}}]},"67":{"type":"branch","line":275,"loc":{"start":{"line":275,"column":14},"end":{"line":281,"column":7}},"locations":[{"start":{"line":275,"column":14},"end":{"line":281,"column":7}}]},"68":{"type":"branch","line":278,"loc":{"start":{"line":278,"column":6},"end":{"line":280,"column":7}},"locations":[{"start":{"line":278,"column":6},"end":{"line":280,"column":7}}]}},"b":{"0":[2],"1":[2],"2":[4],"3":[2],"4":[0],"5":[2],"6":[0],"7":[3],"8":[0],"9":[1],"10":[1],"11":[0],"12":[0],"13":[3],"14":[2],"15":[1],"16":[51],"17":[2],"18":[6],"19":[0],"20":[0],"21":[0],"22":[0],"23":[0],"24":[0],"25":[6],"26":[6],"27":[0],"28":[0],"29":[13],"30":[13],"31":[0],"32":[0],"33":[0],"34":[15],"35":[15],"36":[0],"37":[13],"38":[14],"39":[0],"40":[14],"41":[3],"42":[0],"43":[9],"44":[4],"45":[0],"46":[3],"47":[13],"48":[24],"49":[1],"50":[23],"51":[2],"52":[2],"53":[2],"54":[5],"55":[4],"56":[5],"57":[0],"58":[4],"59":[0],"60":[0],"61":[0],"62":[4],"63":[0],"64":[0],"65":[0],"66":[4],"67":[12],"68":[0]},"fnMap":{"0":{"name":"<instance_members_initializer>","decl":{"start":{"line":1,"column":46},"end":{"line":45,"column":1}},"loc":{"start":{"line":1,"column":46},"end":{"line":45,"column":1}},"line":1},"1":{"name":"SerialisationError","decl":{"start":{"line":5,"column":2},"end":{"line":8,"column":3}},"loc":{"start":{"line":5,"column":2},"end":{"line":8,"column":3}},"line":5},"2":{"name":"get message","decl":{"start":{"line":10,"column":2},"end":{"line":27,"column":3}},"loc":{"start":{"line":10,"column":2},"end":{"line":27,"column":3}},"line":10},"3":{"name":"addContext","decl":{"start":{"line":29,"column":2},"end":{"line":36,"column":3}},"loc":{"start":{"line":29,"column":2},"end":{"line":36,"column":3}},"line":29},"4":{"name":"make","decl":{"start":{"line":38,"column":9},"end":{"line":44,"column":3}},"loc":{"start":{"line":38,"column":9},"end":{"line":44,"column":3}},"line":38},"5":{"name":"safeDeserialization","decl":{"start":{"line":47,"column":7},"end":{"line":57,"column":1}},"loc":{"start":{"line":47,"column":7},"end":{"line":57,"column":1}},"line":47},"6":{"name":"validateNumber","decl":{"start":{"line":71,"column":0},"end":{"line":77,"column":1}},"loc":{"start":{"line":71,"column":0},"end":{"line":77,"column":1}},"line":71},"7":{"name":"deserializeInteger","decl":{"start":{"line":85,"column":7},"end":{"line":100,"column":1}},"loc":{"start":{"line":85,"column":7},"end":{"line":100,"column":1}},"line":85},"8":{"name":"deserializeString","decl":{"start":{"line":110,"column":7},"end":{"line":142,"column":1}},"loc":{"start":{"line":110,"column":7},"end":{"line":142,"column":1}},"line":110},"9":{"name":"deserializeObject","decl":{"start":{"line":185,"column":7},"end":{"line":249,"column":1}},"loc":{"start":{"line":185,"column":7},"end":{"line":249,"column":1}},"line":185},"10":{"name":"deserializeArray","decl":{"start":{"line":258,"column":7},"end":{"line":284,"column":1}},"loc":{"start":{"line":258,"column":7},"end":{"line":284,"column":1}},"line":258}},"f":{"0":2,"1":2,"2":4,"3":3,"4":3,"5":51,"6":6,"7":6,"8":13,"9":15,"10":5}}
}
